Base path: 'C:/Program Files/Unity/Hub/Editor/2020.3.15f2/Editor/Data', plugins path 'C:/Program Files/Unity/Hub/Editor/2020.3.15f2/Editor/Data/PlaybackEngines'
Cmd: initializeCompiler

Cmd: compileComputeKernel
  insize=1126 file=C:/Users/moham/Documents/Unity Projects/ComputeShaders examples/Assets/Scripts/Sample1/Colorizer.compute kernel=Colorize cachingPP=1 ppOnly=0 stripLineD=0 buildPlatform=19 km=<UNITY_VERSION=202039> pKW=UNITY_ENABLE_REFLECTION_BUFFERS UNITY_USE_DITHER_MASK_FOR_ALPHABLENDED_SHADOWS UNITY_PBS_USE_BRDF1 UNITY_SPECCUBE_BOX_PROJECTION UNITY_SPECCUBE_BLENDING UNITY_ENABLE_DETAIL_NORMALMAP SHADER_API_DESKTOP UNITY_COLORSPACE_GAMMA UNITY_LIGHT_PROBE_PROXY_VOLUME UNITY_LIGHTMAP_FULL_HDR uKW=SHADER_STAGE_COMPUTE platform=d3d11 flags=0  error: 1 plat 4 at Colorizer.compute(32): signed/unsigned mismatch, unsigned assumed
 ok=1 outsize=1266

Cmd: compileComputeKernel
  insize=1284 file=C:/Users/moham/Documents/Unity Projects/ComputeShaders examples/Assets/Scripts/Sample1/Pointer.compute kernel=MovePoints cachingPP=1 ppOnly=0 stripLineD=0 buildPlatform=19 km=<UNITY_VERSION=202039> pKW=UNITY_ENABLE_REFLECTION_BUFFERS UNITY_USE_DITHER_MASK_FOR_ALPHABLENDED_SHADOWS UNITY_PBS_USE_BRDF1 UNITY_SPECCUBE_BOX_PROJECTION UNITY_SPECCUBE_BLENDING UNITY_ENABLE_DETAIL_NORMALMAP SHADER_API_DESKTOP UNITY_COLORSPACE_GAMMA UNITY_LIGHT_PROBE_PROXY_VOLUME UNITY_LIGHTMAP_FULL_HDR uKW=SHADER_STAGE_COMPUTE platform=d3d11 flags=0  error: 1 plat 4 at Pointer.compute(41): signed/unsigned mismatch, unsigned assumed
 ok=1 outsize=1641

Cmd: compileComputeKernel
  insize=1288 file=C:/Users/moham/Documents/Unity Projects/ComputeShaders examples/Assets/Scripts/Sample1/Pointer.compute kernel=MovePoints cachingPP=1 ppOnly=0 stripLineD=0 buildPlatform=19 km=<UNITY_VERSION=202039> pKW=UNITY_ENABLE_REFLECTION_BUFFERS UNITY_USE_DITHER_MASK_FOR_ALPHABLENDED_SHADOWS UNITY_PBS_USE_BRDF1 UNITY_SPECCUBE_BOX_PROJECTION UNITY_SPECCUBE_BLENDING UNITY_ENABLE_DETAIL_NORMALMAP SHADER_API_DESKTOP UNITY_COLORSPACE_GAMMA UNITY_LIGHT_PROBE_PROXY_VOLUME UNITY_LIGHTMAP_FULL_HDR uKW=SHADER_STAGE_COMPUTE platform=d3d11 flags=0  error: 1 plat 4 at Pointer.compute(41): signed/unsigned mismatch, unsigned assumed
 ok=1 outsize=1657

Cmd: compileComputeKernel
  insize=1014 file=C:/Users/moham/Documents/Unity Projects/ComputeShaders examples/Assets/Scripts/Sample1/Colorizer.compute kernel=Colorize cachingPP=1 ppOnly=0 stripLineD=0 buildPlatform=19 km=<UNITY_VERSION=202039> pKW=UNITY_ENABLE_REFLECTION_BUFFERS UNITY_USE_DITHER_MASK_FOR_ALPHABLENDED_SHADOWS UNITY_PBS_USE_BRDF1 UNITY_SPECCUBE_BOX_PROJECTION UNITY_SPECCUBE_BLENDING UNITY_ENABLE_DETAIL_NORMALMAP SHADER_API_DESKTOP UNITY_COLORSPACE_GAMMA UNITY_LIGHT_PROBE_PROXY_VOLUME UNITY_LIGHTMAP_FULL_HDR uKW=SHADER_STAGE_COMPUTE platform=d3d11 flags=0  error: 1 plat 4 at Colorizer.compute(32): signed/unsigned mismatch, unsigned assumed
 ok=1 outsize=436

Cmd: compileComputeKernel
  insize=2050 file=C:/Users/moham/Documents/Unity Projects/ComputeShaders examples/Assets/Scripts/Sample2/SimulatorShader.compute kernel=Simulate cachingPP=1 ppOnly=0 stripLineD=0 buildPlatform=19 km=<UNITY_VERSION=202039> pKW=UNITY_ENABLE_REFLECTION_BUFFERS UNITY_USE_DITHER_MASK_FOR_ALPHABLENDED_SHADOWS UNITY_PBS_USE_BRDF1 UNITY_SPECCUBE_BOX_PROJECTION UNITY_SPECCUBE_BLENDING UNITY_ENABLE_DETAIL_NORMALMAP SHADER_API_DESKTOP UNITY_COLORSPACE_GAMMA UNITY_LIGHT_PROBE_PROXY_VOLUME UNITY_LIGHTMAP_FULL_HDR uKW=SHADER_STAGE_COMPUTE platform=d3d11 flags=0  error: 2 plat 4 at SimulatorShader.compute(13): buffer requires a 't' register
 ok=0 outsize=0

Cmd: compileComputeKernel
  insize=2052 file=C:/Users/moham/Documents/Unity Projects/ComputeShaders examples/Assets/Scripts/Sample2/SimulatorShader.compute kernel=Simulate cachingPP=1 ppOnly=0 stripLineD=0 buildPlatform=19 km=<UNITY_VERSION=202039> pKW=UNITY_ENABLE_REFLECTION_BUFFERS UNITY_USE_DITHER_MASK_FOR_ALPHABLENDED_SHADOWS UNITY_PBS_USE_BRDF1 UNITY_SPECCUBE_BOX_PROJECTION UNITY_SPECCUBE_BLENDING UNITY_ENABLE_DETAIL_NORMALMAP SHADER_API_DESKTOP UNITY_COLORSPACE_GAMMA UNITY_LIGHT_PROBE_PROXY_VOLUME UNITY_LIGHTMAP_FULL_HDR uKW=SHADER_STAGE_COMPUTE platform=d3d11 flags=0  error: 1 plat 4 at SimulatorShader.compute(42): signed/unsigned mismatch, unsigned assumed
  error: 1 plat 4 at SimulatorShader.compute(51): signed/unsigned mismatch, unsigned assumed
 ok=1 outsize=1907

Cmd: compileComputeKernel
  insize=2389 file=C:/Users/moham/Documents/Unity Projects/ComputeShaders examples/Assets/Scripts/Sample2/SimulatorShader.compute kernel=Simulate cachingPP=1 ppOnly=0 stripLineD=0 buildPlatform=19 km=<UNITY_VERSION=202039> pKW=UNITY_ENABLE_REFLECTION_BUFFERS UNITY_USE_DITHER_MASK_FOR_ALPHABLENDED_SHADOWS UNITY_PBS_USE_BRDF1 UNITY_SPECCUBE_BOX_PROJECTION UNITY_SPECCUBE_BLENDING UNITY_ENABLE_DETAIL_NORMALMAP SHADER_API_DESKTOP UNITY_COLORSPACE_GAMMA UNITY_LIGHT_PROBE_PROXY_VOLUME UNITY_LIGHTMAP_FULL_HDR uKW=SHADER_STAGE_COMPUTE platform=d3d11 flags=0  error: 1 plat 4 at SimulatorShader.compute(56): signed/unsigned mismatch, unsigned assumed
  error: 1 plat 4 at SimulatorShader.compute(66): signed/unsigned mismatch, unsigned assumed
 ok=1 outsize=1919

Cmd: compileComputeKernel
  insize=2496 file=C:/Users/moham/Documents/Unity Projects/ComputeShaders examples/Assets/Scripts/Sample2/SimulatorShader.compute kernel=Simulate cachingPP=1 ppOnly=0 stripLineD=0 buildPlatform=19 km=<UNITY_VERSION=202039> pKW=UNITY_ENABLE_REFLECTION_BUFFERS UNITY_USE_DITHER_MASK_FOR_ALPHABLENDED_SHADOWS UNITY_PBS_USE_BRDF1 UNITY_SPECCUBE_BOX_PROJECTION UNITY_SPECCUBE_BLENDING UNITY_ENABLE_DETAIL_NORMALMAP SHADER_API_DESKTOP UNITY_COLORSPACE_GAMMA UNITY_LIGHT_PROBE_PROXY_VOLUME UNITY_LIGHTMAP_FULL_HDR uKW=SHADER_STAGE_COMPUTE platform=d3d11 flags=0  error: 1 plat 4 at SimulatorShader.compute(56): signed/unsigned mismatch, unsigned assumed
  error: 1 plat 4 at SimulatorShader.compute(66): signed/unsigned mismatch, unsigned assumed
 ok=1 outsize=2019

Cmd: compileComputeKernel
  insize=2520 file=C:/Users/moham/Documents/Unity Projects/ComputeShaders examples/Assets/Scripts/Sample2/SimulatorShader.compute kernel=Simulate cachingPP=1 ppOnly=0 stripLineD=0 buildPlatform=19 km=<UNITY_VERSION=202039> pKW=UNITY_ENABLE_REFLECTION_BUFFERS UNITY_USE_DITHER_MASK_FOR_ALPHABLENDED_SHADOWS UNITY_PBS_USE_BRDF1 UNITY_SPECCUBE_BOX_PROJECTION UNITY_SPECCUBE_BLENDING UNITY_ENABLE_DETAIL_NORMALMAP SHADER_API_DESKTOP UNITY_COLORSPACE_GAMMA UNITY_LIGHT_PROBE_PROXY_VOLUME UNITY_LIGHTMAP_FULL_HDR uKW=SHADER_STAGE_COMPUTE platform=d3d11 flags=0  error: 1 plat 4 at SimulatorShader.compute(56): signed/unsigned mismatch, unsigned assumed
  error: 1 plat 4 at SimulatorShader.compute(66): signed/unsigned mismatch, unsigned assumed
 ok=1 outsize=2019

Cmd: compileComputeKernel
  insize=2510 file=C:/Users/moham/Documents/Unity Projects/ComputeShaders examples/Assets/Scripts/Sample2/SimulatorShader.compute kernel=Simulate cachingPP=1 ppOnly=0 stripLineD=0 buildPlatform=19 km=<UNITY_VERSION=202039> pKW=UNITY_ENABLE_REFLECTION_BUFFERS UNITY_USE_DITHER_MASK_FOR_ALPHABLENDED_SHADOWS UNITY_PBS_USE_BRDF1 UNITY_SPECCUBE_BOX_PROJECTION UNITY_SPECCUBE_BLENDING UNITY_ENABLE_DETAIL_NORMALMAP SHADER_API_DESKTOP UNITY_COLORSPACE_GAMMA UNITY_LIGHT_PROBE_PROXY_VOLUME UNITY_LIGHTMAP_FULL_HDR uKW=SHADER_STAGE_COMPUTE platform=d3d11 flags=0  error: 1 plat 4 at SimulatorShader.compute(56): signed/unsigned mismatch, unsigned assumed
  error: 1 plat 4 at SimulatorShader.compute(66): signed/unsigned mismatch, unsigned assumed
 ok=1 outsize=1979

Cmd: compileComputeKernel
  insize=2510 file=C:/Users/moham/Documents/Unity Projects/ComputeShaders examples/Assets/Scripts/Sample2/SimulatorShader.compute kernel=Simulate cachingPP=1 ppOnly=0 stripLineD=0 buildPlatform=19 km=<UNITY_VERSION=202039> pKW=UNITY_ENABLE_REFLECTION_BUFFERS UNITY_USE_DITHER_MASK_FOR_ALPHABLENDED_SHADOWS UNITY_PBS_USE_BRDF1 UNITY_SPECCUBE_BOX_PROJECTION UNITY_SPECCUBE_BLENDING UNITY_ENABLE_DETAIL_NORMALMAP SHADER_API_DESKTOP UNITY_COLORSPACE_GAMMA UNITY_LIGHT_PROBE_PROXY_VOLUME UNITY_LIGHTMAP_FULL_HDR uKW=SHADER_STAGE_COMPUTE platform=d3d11 flags=0  error: 1 plat 4 at SimulatorShader.compute(56): signed/unsigned mismatch, unsigned assumed
  error: 1 plat 4 at SimulatorShader.compute(66): signed/unsigned mismatch, unsigned assumed
 ok=1 outsize=2007

Cmd: compileComputeKernel
  insize=2511 file=C:/Users/moham/Documents/Unity Projects/ComputeShaders examples/Assets/Scripts/Sample2/SimulatorShader.compute kernel=Simulate cachingPP=1 ppOnly=0 stripLineD=0 buildPlatform=19 km=<UNITY_VERSION=202039> pKW=UNITY_ENABLE_REFLECTION_BUFFERS UNITY_USE_DITHER_MASK_FOR_ALPHABLENDED_SHADOWS UNITY_PBS_USE_BRDF1 UNITY_SPECCUBE_BOX_PROJECTION UNITY_SPECCUBE_BLENDING UNITY_ENABLE_DETAIL_NORMALMAP SHADER_API_DESKTOP UNITY_COLORSPACE_GAMMA UNITY_LIGHT_PROBE_PROXY_VOLUME UNITY_LIGHTMAP_FULL_HDR uKW=SHADER_STAGE_COMPUTE platform=d3d11 flags=0  error: 1 plat 4 at SimulatorShader.compute(56): signed/unsigned mismatch, unsigned assumed
  error: 1 plat 4 at SimulatorShader.compute(66): signed/unsigned mismatch, unsigned assumed
 ok=1 outsize=1999

Cmd: compileComputeKernel
  insize=2487 file=C:/Users/moham/Documents/Unity Projects/ComputeShaders examples/Assets/Scripts/Sample2/SimulatorShader.compute kernel=Simulate cachingPP=1 ppOnly=0 stripLineD=0 buildPlatform=19 km=<UNITY_VERSION=202039> pKW=UNITY_ENABLE_REFLECTION_BUFFERS UNITY_USE_DITHER_MASK_FOR_ALPHABLENDED_SHADOWS UNITY_PBS_USE_BRDF1 UNITY_SPECCUBE_BOX_PROJECTION UNITY_SPECCUBE_BLENDING UNITY_ENABLE_DETAIL_NORMALMAP SHADER_API_DESKTOP UNITY_COLORSPACE_GAMMA UNITY_LIGHT_PROBE_PROXY_VOLUME UNITY_LIGHTMAP_FULL_HDR uKW=SHADER_STAGE_COMPUTE platform=d3d11 flags=0  error: 1 plat 4 at SimulatorShader.compute(56): signed/unsigned mismatch, unsigned assumed
  error: 1 plat 4 at SimulatorShader.compute(66): signed/unsigned mismatch, unsigned assumed
 ok=1 outsize=2019

Cmd: shutdown
